[debug] [2023-04-12T13:28:48.012Z] ----------------------------------------------------------------------
[debug] [2023-04-12T13:28:48.014Z] Command:       C:\Program Files\nodejs\node.exe C:\Users\kikil\AppData\Roaming\npm\node_modules\firebase-tools\lib\bin\firebase.js init
[debug] [2023-04-12T13:28:48.014Z] CLI Version:   11.26.0
[debug] [2023-04-12T13:28:48.015Z] Platform:      win32
[debug] [2023-04-12T13:28:48.015Z] Node Version:  v19.9.0
[debug] [2023-04-12T13:28:48.015Z] Time:          Wed Apr 12 2023 15:28:48 GMT+0200 (heure d’été d’Europe centrale)
[debug] [2023-04-12T13:28:48.015Z] ----------------------------------------------------------------------
[debug] 
[debug] [2023-04-12T13:28:48.020Z] > command requires scopes: ["email","openid","https://www.googleapis.com/auth/cloudplatformprojects.readonly","https://www.googleapis.com/auth/firebase","https://www.googleapis.com/auth/cloud-platform"]
[debug] [2023-04-12T13:28:48.021Z] > authorizing via signed-in user (killian.bouzera77150@gmail.com)
[info] 
     ######## #### ########  ######## ########     ###     ######  ########
     ##        ##  ##     ## ##       ##     ##  ##   ##  ##       ##
     ######    ##  ########  ######   ########  #########  ######  ######
     ##        ##  ##    ##  ##       ##     ## ##     ##       ## ##
     ##       #### ##     ## ######## ########  ##     ##  ######  ########

You're about to initialize a Firebase project in this directory:

  C:\Users\kikil\Documents\GitHub\magazine\ProjetGénéral

[info] 
=== Project Setup
[info] 
[info] First, let's associate this project directory with a Firebase project.
[info] You can create multiple project aliases by running firebase use --add, 
[info] but for now we'll just set up a default project.
[info] 
[debug] [2023-04-12T13:29:54.560Z] >>> [apiv2][query] GET https://firebase.googleapis.com/v1beta1/projects pageSize=100
[debug] [2023-04-12T13:29:55.069Z] <<< [apiv2][status] GET https://firebase.googleapis.com/v1beta1/projects 200
[debug] [2023-04-12T13:29:55.069Z] <<< [apiv2][body] GET https://firebase.googleapis.com/v1beta1/projects [omitted]
[info] i  Using project generateur-couvertures-vogue (Generateur-couvertures-VOGUE) 
[info] 
=== Hosting Setup
[info] 
[info] Your public directory is the folder (relative to your project directory) that
[info] will contain Hosting assets to be uploaded with firebase deploy. If you
[info] have a build process for your assets, use your build's output directory.
[info] 
